[2019-12-02 21:57:06] local.ERROR: SQLSTATE[42S22]: Column not found: 1054 Unknown column 'isbn' in 'field list' (SQL: insert into `publishes` (`title`, `price`, `available`, `year_pub`, `isbn`, `category_id`, `description`, `status`, `author_id`, `content`, `cover_page`, `updated_at`, `created_at`) values (Dominion Prayer, 500, 2, 2019-12-01, 1234123-234-erfe, 1, just a friend , and nothing more., 1, 1, CRY FOR DELIVERANCE AND BREAKTHROUGHS BOOK_1575323825.pdf, CRY FOR DELIVERANCE AND BREAKTHROUGHS BOOK COVER_1575323826.JPG, 2019-12-02 21:57:06, 2019-12-02 21:57:06)) {"userId":5,"exception":"[object] (Illuminate\\Database\\QueryException(code: 42S22): SQLSTATE[42S22]: Column not found: 1054 Unknown column 'isbn' in 'field list' (SQL: insert into `publishes` (`title`, `price`, `available`, `year_pub`, `isbn`, `category_id`, `description`, `status`, `author_id`, `content`, `cover_page`, `updated_at`, `created_at`) values (Dominion Prayer, 500, 2, 2019-12-01, 1234123-234-erfe, 1, just a friend , and nothing more., 1, 1, CRY FOR DELIVERANCE AND BREAKTHROUGHS BOOK_1575323825.pdf, CRY FOR DELIVERANCE AND BREAKTHROUGHS BOOK COVER_1575323826.JPG, 2019-12-02 21:57:06, 2019-12-02 21:57:06)) at D:\\Bitnami\\wampstack-7.2\\apache2\\htdocs\\LaravelProjects\\timsmek\\vendor\\laravel\\framework\\src\\Illuminate\\Database\\Connection.php:664, PDOException(code: 42S22): SQLSTATE[42S22]: Column not found: 1054 Unknown column 'isbn' in 'field list' at D:\\Bitnami\\wampstack-7.2\\apache2\\htdocs\\LaravelProjects\\timsmek\\vendor\\laravel\\framework\\src\\Illuminate\\Database\\Connection.php:452)
[stacktrace]
#0 D:\\Bitnami\\wampstack-7.2\\apache2\\htdocs\\LaravelProjects\\timsmek\\vendor\\laravel\\framework\\src\\Illuminate\\Database\\Connection.php(624): Illuminate\\Database\\Connection->runQueryCallback('insert into `pu...', Array, Object(Closure))
#1 D:\\Bitnami\\wampstack-7.2\\apache2\\htdocs\\LaravelProjects\\timsmek\\vendor\\laravel\\framework\\src\\Illuminate\\Database\\Connection.php(459): Illuminate\\Database\\Connection->run('insert into `pu...', Array, Object(Closure))
#2 D:\\Bitnami\\wampstack-7.2\\apache2\\htdocs\\LaravelProjects\\timsmek\\vendor\\laravel\\framework\\src\\Illuminate\\Database\\Connection.php(411): Illuminate\\Database\\Connection->statement('insert into `pu...', Array)
#3 D:\\Bitnami\\wampstack-7.2\\apache2\\htdocs\\LaravelProjects\\timsmek\\vendor\\laravel\\framework\\src\\Illuminate\\Database\\Query\\Processors\\Processor.php(32): Illuminate\\Database\\Connection->insert('insert into `pu...', Array)
#4 D:\\Bitnami\\wampstack-7.2\\apache2\\htdocs\\LaravelProjects\\timsmek\\vendor\\laravel\\framework\\src\\Illuminate\\Database\\Query\\Builder.php(2690): Illuminate\\Database\\Query\\Processors\\Processor->processInsertGetId(Object(Illuminate\\Database\\Query\\Builder), 'insert into `pu...', Array, 'id')
#5 D:\\Bitnami\\wampstack-7.2\\apache2\\htdocs\\LaravelProjects\\timsmek\\vendor\\laravel\\framework\\src\\Illuminate\\Database\\Eloquent\\Builder.php(1353): Illuminate\\Database\\Query\\Builder->insertGetId(Array, 'id')
#6 D:\\Bitnami\\wampstack-7.2\\apache2\\htdocs\\LaravelProjects\\timsmek\\vendor\\laravel\\framework\\src\\Illuminate\\Database\\Eloquent\\Model.php(839): Illuminate\\Database\\Eloquent\\Builder->__call('insertGetId', Array)
#7 D:\\Bitnami\\wampstack-7.2\\apache2\\htdocs\\LaravelProjects\\timsmek\\vendor\\laravel\\framework\\src\\Illuminate\\Database\\Eloquent\\Model.php(804): Illuminate\\Database\\Eloquent\\Model->insertAndSetId(Object(Illuminate\\Database\\Eloquent\\Builder), Array)
#8 D:\\Bitnami\\wampstack-7.2\\apache2\\htdocs\\LaravelProjects\\timsmek\\vendor\\laravel\\framework\\src\\Illuminate\\Database\\Eloquent\\Model.php(667): Illuminate\\Database\\Eloquent\\Model->performInsert(Object(Illuminate\\Database\\Eloquent\\Builder))
#9 D:\\Bitnami\\wampstack-7.2\\apache2\\htdocs\\LaravelProjects\\timsmek\\app\\Http\\Controllers\\PublishController.php(115): Illuminate\\Database\\Eloquent\\Model->save()
#10 [internal function]: App\\Http\\Controllers\\PublishController->store(Object(Illuminate\\Http\\Request))
#11 D:\\Bitnami\\wampstack-7.2\\apache2\\htdocs\\LaravelProjects\\timsmek\\vendor\\laravel\\framework\\src\\Illuminate\\Routing\\Controller.php(54): call_user_func_array(Array, Array)
#12 D:\\Bitnami\\wampstack-7.2\\apache2\\htdocs\\LaravelProjects\\timsmek\\vendor\\laravel\\framework\\src\\Illuminate\\Routing\\ControllerDispatcher.php(45): Illuminate\\Routing\\Controller->callAction('store', Array)
#13 D:\\Bitnami\\wampstack-7.2\\apache2\\htdocs\\LaravelProjects\\timsmek\\vendor\\laravel\\framework\\src\\Illuminate\\Routing\\Route.php(219): Illuminate\\Routing\\ControllerDispatcher->dispatch(Object(Illuminate\\Routing\\Route), Object(App\\Http\\Controllers\\PublishController), 'store')
#14 D:\\Bitnami\\wampstack-7.2\\apache2\\htdocs\\LaravelProjects\\timsmek\\vendor\\laravel\\framework\\src\\Illuminate\\Routing\\Route.php(176): Illuminate\\Routing\\Route->runController()
#15 D:\\Bitnami\\wampstack-7.2\\apache2\\htdocs\\LaravelProjects\\timsmek\\vendor\\laravel\\framework\\src\\Illuminate\\Routing\\Router.php(680): Illuminate\\Routing\\Route->run()
#16 D:\\Bitnami\\wampstack-7.2\\apache2\\htdocs\\LaravelProjects\\timsmek\\vendor\\laravel\\framework\\src\\Illuminate\\Routing\\Pipeline.php(30): Illuminate\\Routing\\Router->Illuminate\\Routing\\{closure}(Object(Illuminate\\Http\\Request))
#17 D:\\Bitnami\\wampstack-7.2\\apache2\\htdocs\\LaravelProjects\\timsmek\\vendor\\laravel\\framework\\src\\Illuminate\\Routing\\Middleware\\SubstituteBindings.php(41): Illuminate\\Routing\\Pipeline->Illuminate\\Routing\\{closure}(Object(Illuminate\\Http\\Request))
#18 D:\\Bitnami\\wampstack-7.2\\apache2\\htdocs\\LaravelProjects\\timsmek\\vendor\\laravel\\framework\\src\\Illuminate\\Pipeline\\Pipeline.php(163): Illuminate\\Routing\\Middleware\\SubstituteBindings->handle(Object(Illuminate\\Http\\Request), Object(Closure))
#19 D:\\Bitnami\\wampstack-7.2\\apache2\\htdocs\\LaravelProjects\\timsmek\\vendor\\laravel\\framework\\src\\Illuminate\\Routing\\Pipeline.php(53): Illuminate\\Pipeline\\Pipeline->Illuminate\\Pipeline\\{closure}(Object(Illuminate\\Http\\Request))
#20 D:\\Bitnami\\wampstack-7.2\\apache2\\htdocs\\LaravelProjects\\timsmek\\vendor\\laravel\\framework\\src\\Illuminate\\Foundation\\Http\\Middleware\\VerifyCsrfToken.php(75): Illuminate\\Routing\\Pipeline->Illuminate\\Routing\\{closure}(Object(Illuminate\\Http\\Request))
#21 D:\\Bitnami\\wampstack-7.2\\apache2\\htdocs\\LaravelProjects\\timsmek\\vendor\\laravel\\framework\\src\\Illuminate\\Pipeline\\Pipeline.php(163): Illuminate\\Foundation\\Http\\Middleware\\VerifyCsrfToken->handle(Object(Illuminate\\Http\\Request), Object(Closure))
#22 D:\\Bitnami\\wampstack-7.2\\apache2\\htdocs\\LaravelProjects\\timsmek\\vendor\\laravel\\framework\\src\\Illuminate\\Routing\\Pipeline.php(53): Illuminate\\Pipeline\\Pipeline->Illuminate\\Pipeline\\{closure}(Object(Illuminate\\Http\\Request))
#23 D:\\Bitnami\\wampstack-7.2\\apache2\\htdocs\\LaravelProjects\\timsmek\\vendor\\laravel\\framework\\src\\Illuminate\\View\\Middleware\\ShareErrorsFromSession.php(49): Illuminate\\Routing\\Pipeline->Illuminate\\Routing\\{closure}(Object(Illuminate\\Http\\Request))
#24 D:\\Bitnami\\wampstack-7.2\\apache2\\htdocs\\LaravelProjects\\timsmek\\vendor\\laravel\\framework\\src\\Illuminate\\Pipeline\\Pipeline.php(163): Illuminate\\View\\Middleware\\ShareErrorsFromSession->handle(Object(Illuminate\\Http\\Request), Object(Closure))
#25 D:\\Bitnami\\wampstack-7.2\\apache2\\htdocs\\LaravelProjects\\timsmek\\vendor\\laravel\\framework\\src\\Illuminate\\Routing\\Pipeline.php(53): Illuminate\\Pipeline\\Pipeline->Illuminate\\Pipeline\\{closure}(Object(Illuminate\\Http\\Request))
#26 D:\\Bitnami\\wampstack-7.2\\apache2\\htdocs\\LaravelProjects\\timsmek\\vendor\\laravel\\framework\\src\\Illuminate\\Session\\Middleware\\StartSession.php(56): Illuminate\\Routing\\Pipeline->Illuminate\\Routing\\{closure}(Object(Illuminate\\Http\\Request))
#27 D:\\Bitnami\\wampstack-7.2\\apache2\\htdocs\\LaravelProjects\\timsmek\\vendor\\laravel\\framework\\src\\Illuminate\\Pipeline\\Pipeline.php(163): Illuminate\\Session\\Middleware\\StartSession->handle(Object(Illuminate\\Http\\Request), Object(Closure))
#28 D:\\Bitnami\\wampstack-7.2\\apache2\\htdocs\\LaravelProjects\\timsmek\\vendor\\laravel\\framework\\src\\Illuminate\\Routing\\Pipeline.php(53): Illuminate\\Pipeline\\Pipeline->Illuminate\\Pipeline\\{closure}(Object(Illuminate\\Http\\Request))
#29 D:\\Bitnami\\wampstack-7.2\\apache2\\htdocs\\LaravelProjects\\timsmek\\vendor\\laravel\\framework\\src\\Illuminate\\Cookie\\Middleware\\AddQueuedCookiesToResponse.php(37): Illuminate\\Routing\\Pipeline->Illuminate\\Routing\\{closure}(Object(Illuminate\\Http\\Request))
#30 D:\\Bitnami\\wampstack-7.2\\apache2\\htdocs\\LaravelProjects\\timsmek\\vendor\\laravel\\framework\\src\\Illuminate\\Pipeline\\Pipeline.php(163): Illuminate\\Cookie\\Middleware\\AddQueuedCookiesToResponse->handle(Object(Illuminate\\Http\\Request), Object(Closure))
#31 D:\\Bitnami\\wampstack-7.2\\apache2\\htdocs\\LaravelProjects\\timsmek\\vendor\\laravel\\framework\\src\\Illuminate\\Routing\\Pipeline.php(53): Illuminate\\Pipeline\\Pipeline->Illuminate\\Pipeline\\{closure}(Object(Illuminate\\Http\\Request))
#32 D:\\Bitnami\\wampstack-7.2\\apache2\\htdocs\\LaravelProjects\\timsmek\\vendor\\laravel\\framework\\src\\Illuminate\\Cookie\\Middleware\\EncryptCookies.php(66): Illuminate\\Routing\\Pipeline->Illuminate\\Routing\\{closure}(Object(Illuminate\\Http\\Request))
#33 D:\\Bitnami\\wampstack-7.2\\apache2\\htdocs\\LaravelProjects\\timsmek\\vendor\\laravel\\framework\\src\\Illuminate\\Pipeline\\Pipeline.php(163): Illuminate\\Cookie\\Middleware\\EncryptCookies->handle(Object(Illuminate\\Http\\Request), Object(Closure))
#34 D:\\Bitnami\\wampstack-7.2\\apache2\\htdocs\\LaravelProjects\\timsmek\\vendor\\laravel\\framework\\src\\Illuminate\\Routing\\Pipeline.php(53): Illuminate\\Pipeline\\Pipeline->Illuminate\\Pipeline\\{closure}(Object(Illuminate\\Http\\Request))
#35 D:\\Bitnami\\wampstack-7.2\\apache2\\htdocs\\LaravelProjects\\timsmek\\vendor\\laravel\\framework\\src\\Illuminate\\Pipeline\\Pipeline.php(104): Illuminate\\Routing\\Pipeline->Illuminate\\Routing\\{closure}(Object(Illuminate\\Http\\Request))
#36 D:\\Bitnami\\wampstack-7.2\\apache2\\htdocs\\LaravelProjects\\timsmek\\vendor\\laravel\\framework\\src\\Illuminate\\Routing\\Router.php(682): Illuminate\\Pipeline\\Pipeline->then(Object(Closure))
#37 D:\\Bitnami\\wampstack-7.2\\apache2\\htdocs\\LaravelProjects\\timsmek\\vendor\\laravel\\framework\\src\\Illuminate\\Routing\\Router.php(657): Illuminate\\Routing\\Router->runRouteWithinStack(Object(Illuminate\\Routing\\Route), Object(Illuminate\\Http\\Request))
#38 D:\\Bitnami\\wampstack-7.2\\apache2\\htdocs\\LaravelProjects\\timsmek\\vendor\\laravel\\framework\\src\\Illuminate\\Routing\\Router.php(623): Illuminate\\Routing\\Router->runRoute(Object(Illuminate\\Http\\Request), Object(Illuminate\\Routing\\Route))
#39 D:\\Bitnami\\wampstack-7.2\\apache2\\htdocs\\LaravelProjects\\timsmek\\vendor\\laravel\\framework\\src\\Illuminate\\Routing\\Router.php(612): Illuminate\\Routing\\Router->dispatchToRoute(Object(Illuminate\\Http\\Request))
#40 D:\\Bitnami\\wampstack-7.2\\apache2\\htdocs\\LaravelProjects\\timsmek\\vendor\\laravel\\framework\\src\\Illuminate\\Foundation\\Http\\Kernel.php(176): Illuminate\\Routing\\Router->dispatch(Object(Illuminate\\Http\\Request))
#41 D:\\Bitnami\\wampstack-7.2\\apache2\\htdocs\\LaravelProjects\\timsmek\\vendor\\laravel\\framework\\src\\Illuminate\\Routing\\Pipeline.php(30): Illuminate\\Foundation\\Http\\Kernel->Illuminate\\Foundation\\Http\\{closure}(Object(Illuminate\\Http\\Request))
#42 D:\\Bitnami\\wampstack-7.2\\apache2\\htdocs\\LaravelProjects\\timsmek\\vendor\\laravel\\framework\\src\\Illuminate\\Foundation\\Http\\Middleware\\TransformsRequest.php(21): Illuminate\\Routing\\Pipeline->Illuminate\\Routing\\{closure}(Object(Illuminate\\Http\\Request))
#43 D:\\Bitnami\\wampstack-7.2\\apache2\\htdocs\\LaravelProjects\\timsmek\\vendor\\laravel\\framework\\src\\Illuminate\\Pipeline\\Pipeline.php(163): Illuminate\\Foundation\\Http\\Middleware\\TransformsRequest->handle(Object(Illuminate\\Http\\Request), Object(Closure))
#44 D:\\Bitnami\\wampstack-7.2\\apache2\\htdocs\\LaravelProjects\\timsmek\\vendor\\laravel\\framework\\src\\Illuminate\\Routing\\Pipeline.php(53): Illuminate\\Pipeline\\Pipeline->Illuminate\\Pipeline\\{closure}(Object(Illuminate\\Http\\Request))
#45 D:\\Bitnami\\wampstack-7.2\\apache2\\htdocs\\LaravelProjects\\timsmek\\vendor\\laravel\\framework\\src\\Illuminate\\Foundation\\Http\\Middleware\\TransformsRequest.php(21): Illuminate\\Routing\\Pipeline->Illuminate\\Routing\\{closure}(Object(Illuminate\\Http\\Request))
#46 D:\\Bitnami\\wampstack-7.2\\apache2\\htdocs\\LaravelProjects\\timsmek\\vendor\\laravel\\framework\\src\\Illuminate\\Pipeline\\Pipeline.php(163): Illuminate\\Foundation\\Http\\Middleware\\TransformsRequest->handle(Object(Illuminate\\Http\\Request), Object(Closure))
#47 D:\\Bitnami\\wampstack-7.2\\apache2\\htdocs\\LaravelProjects\\timsmek\\vendor\\laravel\\framework\\src\\Illuminate\\Routing\\Pipeline.php(53): Illuminate\\Pipeline\\Pipeline->Illuminate\\Pipeline\\{closure}(Object(Illuminate\\Http\\Request))
#48 D:\\Bitnami\\wampstack-7.2\\apache2\\htdocs\\LaravelProjects\\timsmek\\vendor\\laravel\\framework\\src\\Illuminate\\Foundation\\Http\\Middleware\\ValidatePostSize.php(27): Illuminate\\Routing\\Pipeline->Illuminate\\Routing\\{closure}(Object(Illuminate\\Http\\Request))
#49 D:\\Bitnami\\wampstack-7.2\\apache2\\htdocs\\LaravelProjects\\timsmek\\vendor\\laravel\\framework\\src\\Illuminate\\Pipeline\\Pipeline.php(163): Illuminate\\Foundation\\Http\\Middleware\\ValidatePostSize->handle(Object(Illuminate\\Http\\Request), Object(Closure))
#50 D:\\Bitnami\\wampstack-7.2\\apache2\\htdocs\\LaravelProjects\\timsmek\\vendor\\laravel\\framework\\src\\Illuminate\\Routing\\Pipeline.php(53): Illuminate\\Pipeline\\Pipeline->Illuminate\\Pipeline\\{closure}(Object(Illuminate\\Http\\Request))
#51 D:\\Bitnami\\wampstack-7.2\\apache2\\htdocs\\LaravelProjects\\timsmek\\vendor\\laravel\\framework\\src\\Illuminate\\Foundation\\Http\\Middleware\\CheckForMaintenanceMode.php(62): Illuminate\\Routing\\Pipeline->Illuminate\\Routing\\{closure}(Object(Illuminate\\Http\\Request))
#52 D:\\Bitnami\\wampstack-7.2\\apache2\\htdocs\\LaravelProjects\\timsmek\\vendor\\laravel\\framework\\src\\Illuminate\\Pipeline\\Pipeline.php(163): Illuminate\\Foundation\\Http\\Middleware\\CheckForMaintenanceMode->handle(Object(Illuminate\\Http\\Request), Object(Closure))
#53 D:\\Bitnami\\wampstack-7.2\\apache2\\htdocs\\LaravelProjects\\timsmek\\vendor\\laravel\\framework\\src\\Illuminate\\Routing\\Pipeline.php(53): Illuminate\\Pipeline\\Pipeline->Illuminate\\Pipeline\\{closure}(Object(Illuminate\\Http\\Request))
#54 D:\\Bitnami\\wampstack-7.2\\apache2\\htdocs\\LaravelProjects\\timsmek\\vendor\\fideloper\\proxy\\src\\TrustProxies.php(57): Illuminate\\Routing\\Pipeline->Illuminate\\Routing\\{closure}(Object(Illuminate\\Http\\Request))
#55 D:\\Bitnami\\wampstack-7.2\\apache2\\htdocs\\LaravelProjects\\timsmek\\vendor\\laravel\\framework\\src\\Illuminate\\Pipeline\\Pipeline.php(163): Fideloper\\Proxy\\TrustProxies->handle(Object(Illuminate\\Http\\Request), Object(Closure))
#56 D:\\Bitnami\\wampstack-7.2\\apache2\\htdocs\\LaravelProjects\\timsmek\\vendor\\laravel\\framework\\src\\Illuminate\\Routing\\Pipeline.php(53): Illuminate\\Pipeline\\Pipeline->Illuminate\\Pipeline\\{closure}(Object(Illuminate\\Http\\Request))
#57 D:\\Bitnami\\wampstack-7.2\\apache2\\htdocs\\LaravelProjects\\timsmek\\vendor\\laravel\\framework\\src\\Illuminate\\Pipeline\\Pipeline.php(104): Illuminate\\Routing\\Pipeline->Illuminate\\Routing\\{closure}(Object(Illuminate\\Http\\Request))
#58 D:\\Bitnami\\wampstack-7.2\\apache2\\htdocs\\LaravelProjects\\timsmek\\vendor\\laravel\\framework\\src\\Illuminate\\Foundation\\Http\\Kernel.php(151): Illuminate\\Pipeline\\Pipeline->then(Object(Closure))
#59 D:\\Bitnami\\wampstack-7.2\\apache2\\htdocs\\LaravelProjects\\timsmek\\vendor\\laravel\\framework\\src\\Illuminate\\Foundation\\Http\\Kernel.php(116): Illuminate\\Foundation\\Http\\Kernel->sendRequestThroughRouter(Object(Illuminate\\Http\\Request))
#60 D:\\Bitnami\\wampstack-7.2\\apache2\\htdocs\\LaravelProjects\\timsmek\\public\\index.php(55): Illuminate\\Foundation\\Http\\Kernel->handle(Object(Illuminate\\Http\\Request))
#61 D:\\Bitnami\\wampstack-7.2\\apache2\\htdocs\\LaravelProjects\\timsmek\\server.php(21): require_once('D:\\\\Bitnami\\\\wamp...')
#62 {main}
"} 
